src/android/build-android-32/ubucon/build/outputs/logs/manifest-merger-debug-report.txt
-- Merging decision tree log ---
manifest
ADDED from build-android-32/ubucon/AndroidManifest.xml:2:1-104:12
INJECTED from build-android-32/ubucon/AndroidManifest.xml:2:1-104:12
INJECTED from build-android-32/ubucon/AndroidManifest.xml:2:1-104:12
INJECTED from build-android-32/ubucon/AndroidManifest.xml:2:1-104:12
INJECTED from build-android-32/ubucon/AndroidManifest.xml:2:1-104:12
	package
		ADDED from build-android-32/ubucon/AndroidManifest.xml:2:11-42
	android:versionName
		ADDED from build-android-32/ubucon/AndroidManifest.xml:2:102-127
		INJECTED from build-android-32/ubucon/AndroidManifest.xml
		INJECTED from build-android-32/ubucon/AndroidManifest.xml
	xmlns:android
		ADDED from build-android-32/ubucon/AndroidManifest.xml:2:43-101
	android:versionCode
		ADDED from build-android-32/ubucon/AndroidManifest.xml:2:128-151
		INJECTED from build-android-32/ubucon/AndroidManifest.xml
		INJECTED from build-android-32/ubucon/AndroidManifest.xml
	android:installLocation
		ADDED from build-android-32/ubucon/AndroidManifest.xml:2:152-182
uses-sdk
ADDED from build-android-32/ubucon/AndroidManifest.xml:3:5-73
	android:targetSdkVersion
		ADDED from build-android-32/ubucon/AndroidManifest.xml:3:42-71
	android:minSdkVersion
		ADDED from build-android-32/ubucon/AndroidManifest.xml:3:15-41
uses-permission#android.permission.INTERNET
ADDED from build-android-32/ubucon/AndroidManifest.xml:7:9-71
	android:name
		ADDED from build-android-32/ubucon/AndroidManifest.xml:7:26-68
uses-permission#android.permission.WRITE_EXTERNAL_STORAGE
ADDED from build-android-32/ubucon/AndroidManifest.xml:8:5-81
	android:name
		ADDED from build-android-32/ubucon/AndroidManifest.xml:8:22-78
uses-permission#android.permission.BLUETOOTH
ADDED from build-android-32/ubucon/AndroidManifest.xml:9:5-68
	android:name
		ADDED from build-android-32/ubucon/AndroidManifest.xml:9:22-65
uses-permission#android.permission.BLUETOOTH_ADMIN
ADDED from build-android-32/ubucon/AndroidManifest.xml:10:5-74
	android:name
		ADDED from build-android-32/ubucon/AndroidManifest.xml:10:22-71
uses-permission#android.permission.ACCESS_COARSE_LOCATION
ADDED from build-android-32/ubucon/AndroidManifest.xml:11:5-81
	android:name
		ADDED from build-android-32/ubucon/AndroidManifest.xml:11:22-78
uses-permission#android.permission.ACCESS_NETWORK_STATE
ADDED from build-android-32/ubucon/AndroidManifest.xml:12:5-79
	android:name
		ADDED from build-android-32/ubucon/AndroidManifest.xml:12:22-76
uses-feature#0x00020000
ADDED from build-android-32/ubucon/AndroidManifest.xml:17:9-82
	android:glEsVersion
		ADDED from build-android-32/ubucon/AndroidManifest.xml:17:23-55
	android:required
		ADDED from build-android-32/ubucon/AndroidManifest.xml:17:56-79
supports-screens
ADDED from build-android-32/ubucon/AndroidManifest.xml:19:5-135
	android:largeScreens
		ADDED from build-android-32/ubucon/AndroidManifest.xml:19:23-50
	android:smallScreens
		ADDED from build-android-32/ubucon/AndroidManifest.xml:19:106-133
	android:normalScreens
		ADDED from build-android-32/ubucon/AndroidManifest.xml:19:51-79
	android:anyDensity
		ADDED from build-android-32/ubucon/AndroidManifest.xml:19:80-105
application
ADDED from build-android-32/ubucon/AndroidManifest.xml:21:5-102:19
	android:label
		ADDED from build-android-32/ubucon/AndroidManifest.xml:23:9-31
	android:hardwareAccelerated
		ADDED from build-android-32/ubucon/AndroidManifest.xml:21:18-52
	android:icon
		ADDED from build-android-32/ubucon/AndroidManifest.xml:25:9-38
	android:theme
		ADDED from build-android-32/ubucon/AndroidManifest.xml:24:9-40
	android:name
		ADDED from build-android-32/ubucon/AndroidManifest.xml:22:9-72
activity#org.qtproject.qt5.android.bindings.QtActivity
ADDED from build-android-32/ubucon/AndroidManifest.xml:26:9-98:16
	android:screenOrientation
		ADDED from build-android-32/ubucon/AndroidManifest.xml:29:13-52
	android:label
		ADDED from build-android-32/ubucon/AndroidManifest.xml:28:13-35
	android:launchMode
		ADDED from build-android-32/ubucon/AndroidManifest.xml:31:13-43
	android:configChanges
		ADDED from build-android-32/ubucon/AndroidManifest.xml:26:19-188
	android:theme
		ADDED from build-android-32/ubucon/AndroidManifest.xml:30:13-44
	android:name
		ADDED from build-android-32/ubucon/AndroidManifest.xml:27:13-73
intent-filter#action:name:android.intent.action.MAIN+category:name:android.intent.category.LAUNCHER
ADDED from build-android-32/ubucon/AndroidManifest.xml:32:13-35:29
action#android.intent.action.MAIN
ADDED from build-android-32/ubucon/AndroidManifest.xml:33:17-68
	android:name
		ADDED from build-android-32/ubucon/AndroidManifest.xml:33:25-66
category#android.intent.category.LAUNCHER
ADDED from build-android-32/ubucon/AndroidManifest.xml:34:17-76
	android:name
		ADDED from build-android-32/ubucon/AndroidManifest.xml:34:27-74
meta-data#android.app.lib_name
ADDED from build-android-32/ubucon/AndroidManifest.xml:41:13-82
	android:value
		ADDED from build-android-32/ubucon/AndroidManifest.xml:41:60-80
	android:name
		ADDED from build-android-32/ubucon/AndroidManifest.xml:41:24-59
meta-data#android.app.qt_sources_resource_id
ADDED from build-android-32/ubucon/AndroidManifest.xml:42:13-112
	android:resource
		ADDED from build-android-32/ubucon/AndroidManifest.xml:42:74-110
	android:name
		ADDED from build-android-32/ubucon/AndroidManifest.xml:42:24-73
meta-data#android.app.repository
ADDED from build-android-32/ubucon/AndroidManifest.xml:43:13-87
	android:value
		ADDED from build-android-32/ubucon/AndroidManifest.xml:43:62-85
	android:name
		ADDED from build-android-32/ubucon/AndroidManifest.xml:43:24-61
meta-data#android.app.qt_libs_resource_id
ADDED from build-android-32/ubucon/AndroidManifest.xml:44:13-106
	android:resource
		ADDED from build-android-32/ubucon/AndroidManifest.xml:44:71-104
	android:name
		ADDED from build-android-32/ubucon/AndroidManifest.xml:44:24-70
meta-data#android.app.bundled_libs_resource_id
ADDED from build-android-32/ubucon/AndroidManifest.xml:45:13-116
	android:resource
		ADDED from build-android-32/ubucon/AndroidManifest.xml:45:76-114
	android:name
		ADDED from build-android-32/ubucon/AndroidManifest.xml:45:24-75
meta-data#android.app.bundle_local_qt_libs
ADDED from build-android-32/ubucon/AndroidManifest.xml:47:13-91
	android:value
		ADDED from build-android-32/ubucon/AndroidManifest.xml:47:72-89
	android:name
		ADDED from build-android-32/ubucon/AndroidManifest.xml:47:24-71
meta-data#android.app.bundled_in_lib_resource_id
ADDED from build-android-32/ubucon/AndroidManifest.xml:48:13-120
	android:resource
		ADDED from build-android-32/ubucon/AndroidManifest.xml:48:78-118
	android:name
		ADDED from build-android-32/ubucon/AndroidManifest.xml:48:24-77
meta-data#android.app.bundled_in_assets_resource_id
ADDED from build-android-32/ubucon/AndroidManifest.xml:49:13-126
	android:resource
		ADDED from build-android-32/ubucon/AndroidManifest.xml:49:81-124
	android:name
		ADDED from build-android-32/ubucon/AndroidManifest.xml:49:24-80
meta-data#android.app.use_local_qt_libs
ADDED from build-android-32/ubucon/AndroidManifest.xml:51:13-88
	android:value
		ADDED from build-android-32/ubucon/AndroidManifest.xml:51:69-86
	android:name
		ADDED from build-android-32/ubucon/AndroidManifest.xml:51:24-68
meta-data#android.app.libs_prefix
ADDED from build-android-32/ubucon/AndroidManifest.xml:52:13-100
	android:value
		ADDED from build-android-32/ubucon/AndroidManifest.xml:52:63-98
	android:name
		ADDED from build-android-32/ubucon/AndroidManifest.xml:52:24-62
meta-data#android.app.load_local_libs
ADDED from build-android-32/ubucon/AndroidManifest.xml:53:13-233
	android:value
		ADDED from build-android-32/ubucon/AndroidManifest.xml:53:67-231
	android:name
		ADDED from build-android-32/ubucon/AndroidManifest.xml:53:24-66
meta-data#android.app.load_local_jars
ADDED from build-android-32/ubucon/AndroidManifest.xml:54:13-195
	android:value
		ADDED from build-android-32/ubucon/AndroidManifest.xml:54:67-193
	android:name
		ADDED from build-android-32/ubucon/AndroidManifest.xml:54:24-66
meta-data#android.app.static_init_classes
ADDED from build-android-32/ubucon/AndroidManifest.xml:55:13-197
	android:value
		ADDED from build-android-32/ubucon/AndroidManifest.xml:55:71-195
	android:name
		ADDED from build-android-32/ubucon/AndroidManifest.xml:55:24-70
meta-data#android.app.ministro_not_found_msg
ADDED from build-android-32/ubucon/AndroidManifest.xml:59:13-122
	android:value
		ADDED from build-android-32/ubucon/AndroidManifest.xml:59:24-70
	android:name
		ADDED from build-android-32/ubucon/AndroidManifest.xml:59:71-120
meta-data#android.app.ministro_needed_msg
ADDED from build-android-32/ubucon/AndroidManifest.xml:60:13-116
	android:value
		ADDED from build-android-32/ubucon/AndroidManifest.xml:60:24-67
	android:name
		ADDED from build-android-32/ubucon/AndroidManifest.xml:60:68-114
meta-data#android.app.fatal_error_msg
ADDED from build-android-32/ubucon/AndroidManifest.xml:61:13-108
	android:value
		ADDED from build-android-32/ubucon/AndroidManifest.xml:61:24-63
	android:name
		ADDED from build-android-32/ubucon/AndroidManifest.xml:61:64-106
meta-data#android.app.unsupported_android_version
ADDED from build-android-32/ubucon/AndroidManifest.xml:62:13-132
	android:value
		ADDED from build-android-32/ubucon/AndroidManifest.xml:62:24-75
	android:name
		ADDED from build-android-32/ubucon/AndroidManifest.xml:62:76-130
meta-data#android.app.background_running
ADDED from build-android-32/ubucon/AndroidManifest.xml:82:13-93
	android:value
		ADDED from build-android-32/ubucon/AndroidManifest.xml:82:70-91
	android:name
		ADDED from build-android-32/ubucon/AndroidManifest.xml:82:24-69
meta-data#android.app.auto_screen_scale_factor
ADDED from build-android-32/ubucon/AndroidManifest.xml:86:13-99
	android:value
		ADDED from build-android-32/ubucon/AndroidManifest.xml:86:76-97
	android:name
		ADDED from build-android-32/ubucon/AndroidManifest.xml:86:24-75
meta-data#android.app.extract_android_style
ADDED from build-android-32/ubucon/AndroidManifest.xml:96:13-98
	android:value
		ADDED from build-android-32/ubucon/AndroidManifest.xml:96:73-96
	android:name
		ADDED from build-android-32/ubucon/AndroidManifest.xml:96:24-72